<?xml version="1.0" encoding="UTF-8" ?>
<testsuite tests="14" failures="0" name="edu.pdx.cs410J.kamakshi.StudentTest" time="0" errors="0" skipped="0">
  <properties>
    <property name="java.runtime.name" value="Java(TM) SE Runtime Environment"/>
    <property name="sun.boot.library.path" value="C:\Progra~2\Java\jdk1.8.0_40\jre\bin"/>
    <property name="java.vm.version" value="25.40-b25"/>
    <property name="java.vm.vendor" value="Oracle Corporation"/>
    <property name="maven.multiModuleProjectDirectory" value="C:\Users\vaio\Documents\GitHub\PortlandStateJavaSummer2015\student"/>
    <property name="java.vendor.url" value="http://java.oracle.com/"/>
    <property name="path.separator" value=";"/>
    <property name="guice.disable.misplaced.annotation.check" value="true"/>
    <property name="java.vm.name" value="Java HotSpot(TM) Server VM"/>
    <property name="file.encoding.pkg" value="sun.io"/>
    <property name="user.script" value=""/>
    <property name="user.country" value="IN"/>
    <property name="sun.java.launcher" value="SUN_STANDARD"/>
    <property name="sun.os.patch.level" value="Service Pack 1"/>
    <property name="java.vm.specification.name" value="Java Virtual Machine Specification"/>
    <property name="user.dir" value="C:\Users\vaio\Documents\GitHub\PortlandStateJavaSummer2015\student"/>
    <property name="java.runtime.version" value="1.8.0_40-b25"/>
    <property name="java.awt.graphicsenv" value="sun.awt.Win32GraphicsEnvironment"/>
    <property name="java.endorsed.dirs" value="C:\Progra~2\Java\jdk1.8.0_40\jre\lib\endorsed"/>
    <property name="os.arch" value="x86"/>
    <property name="java.io.tmpdir" value="C:\Users\vaio\AppData\Local\Temp\"/>
    <property name="line.separator" value="
"/>
    <property name="java.vm.specification.vendor" value="Oracle Corporation"/>
    <property name="user.variant" value=""/>
    <property name="os.name" value="Windows 7"/>
    <property name="classworlds.conf" value="C:\Program Files (x86)\Apache\apache-maven-3.3.1\bin\..\bin\m2.conf"/>
    <property name="sun.jnu.encoding" value="Cp1252"/>
    <property name="java.library.path" value="C:\Progra~2\Java\jdk1.8.0_40\bin;C:\Windows\Sun\Java\bin;C:\Windows\system32;C:\Windows;C:\Program Files (x86)\Java\jdk1.8.0_40\bin;C:\cygwin64\bin;C:\Program Files (x86)\Apache\apache-maven-3.3.1\bin;C:\Program Files\OpenVPN\bin;C:\Program Files (x86)\Git\cmd;C:\Progra~2\Java\jdk1.8.0_40\bin;C:\Program Files (x86)\Apache\apache-maven-3.3.1\bin;."/>
    <property name="java.specification.name" value="Java Platform API Specification"/>
    <property name="java.class.version" value="52.0"/>
    <property name="sun.management.compiler" value="HotSpot Tiered Compilers"/>
    <property name="os.version" value="6.1"/>
    <property name="user.home" value="C:\Users\vaio"/>
    <property name="user.timezone" value="America/Los_Angeles"/>
    <property name="java.awt.printerjob" value="sun.awt.windows.WPrinterJob"/>
    <property name="java.specification.version" value="1.8"/>
    <property name="file.encoding" value="Cp1252"/>
    <property name="user.name" value="vaio"/>
    <property name="java.class.path" value="C:\Program Files (x86)\Apache\apache-maven-3.3.1\bin\..\boot\plexus-classworlds-2.5.2.jar"/>
    <property name="java.vm.specification.version" value="1.8"/>
    <property name="sun.arch.data.model" value="32"/>
    <property name="java.home" value="C:\Progra~2\Java\jdk1.8.0_40\jre"/>
    <property name="sun.java.command" value="org.codehaus.plexus.classworlds.launcher.Launcher package"/>
    <property name="java.specification.vendor" value="Oracle Corporation"/>
    <property name="user.language" value="en"/>
    <property name="awt.toolkit" value="sun.awt.windows.WToolkit"/>
    <property name="java.vm.info" value="mixed mode"/>
    <property name="java.version" value="1.8.0_40"/>
    <property name="java.ext.dirs" value="C:\Progra~2\Java\jdk1.8.0_40\jre\lib\ext;C:\Windows\Sun\Java\lib\ext"/>
    <property name="sun.boot.class.path" value="C:\Progra~2\Java\jdk1.8.0_40\jre\lib\resources.jar;C:\Progra~2\Java\jdk1.8.0_40\jre\lib\rt.jar;C:\Progra~2\Java\jdk1.8.0_40\jre\lib\sunrsasign.jar;C:\Progra~2\Java\jdk1.8.0_40\jre\lib\jsse.jar;C:\Progra~2\Java\jdk1.8.0_40\jre\lib\jce.jar;C:\Progra~2\Java\jdk1.8.0_40\jre\lib\charsets.jar;C:\Progra~2\Java\jdk1.8.0_40\jre\lib\jfr.jar;C:\Progra~2\Java\jdk1.8.0_40\jre\classes"/>
    <property name="sun.stderr.encoding" value="cp437"/>
    <property name="java.vendor" value="Oracle Corporation"/>
    <property name="maven.home" value="C:\Program Files (x86)\Apache\apache-maven-3.3.1\bin\.."/>
    <property name="file.separator" value="\"/>
    <property name="java.vendor.url.bug" value="http://bugreport.sun.com/bugreport/"/>
    <property name="sun.cpu.endian" value="little"/>
    <property name="sun.io.unicode.encoding" value="UnicodeLittle"/>
    <property name="sun.stdout.encoding" value="cp437"/>
    <property name="sun.desktop" value="windows"/>
    <property name="sun.cpu.isalist" value="pentium_pro+mmx pentium_pro pentium+mmx pentium i486 i386 i86"/>
  </properties>
  <testcase classname="edu.pdx.cs410J.kamakshi.StudentTest" name="uppercaseMaleStudentPrintsDescriptionToStandardOutput" time="0"/>
  <testcase classname="edu.pdx.cs410J.kamakshi.StudentTest" name="oneClassPrintDescriptionToStandardOutput" time="0"/>
  <testcase classname="edu.pdx.cs410J.kamakshi.StudentTest" name="noClassesPrintsDescriptionOfStudentWithADifferentName" time="0"/>
  <testcase classname="edu.pdx.cs410J.kamakshi.StudentTest" name="oneClassPrintsNothingToStandardErrorAndExitsWithZero" time="0"/>
  <testcase classname="edu.pdx.cs410J.kamakshi.StudentTest" name="uppercaseFemaleStudentPrintsDescriptionToStandardOutput" time="0"/>
  <testcase classname="edu.pdx.cs410J.kamakshi.StudentTest" name="exampleCommandLineFromAssignmentPrintsTheRightThing" time="0"/>
  <testcase classname="edu.pdx.cs410J.kamakshi.StudentTest" name="noClassesPrintsDescriptionOfStudent" time="0"/>
  <testcase classname="edu.pdx.cs410J.kamakshi.StudentTest" name="negativeGpaPrintsInvalidGpaToStandardError" time="0"/>
  <testcase classname="edu.pdx.cs410J.kamakshi.StudentTest" name="invalidGenderPrintsInvalidGenderToStandardError" time="0"/>
  <testcase classname="edu.pdx.cs410J.kamakshi.StudentTest" name="missingClassesPrintsNothingToStandardErrorAndExitsZero" time="0"/>
  <testcase classname="edu.pdx.cs410J.kamakshi.StudentTest" name="noArgumentsPrintsMissingArgumentsToStandardError" time="0"/>
  <testcase classname="edu.pdx.cs410J.kamakshi.StudentTest" name="femaleStudentPrintsDescriptionToStandardOutput" time="0"/>
  <testcase classname="edu.pdx.cs410J.kamakshi.StudentTest" name="missingGenderPrintsMissingGenderToStandardError" time="0"/>
  <testcase classname="edu.pdx.cs410J.kamakshi.StudentTest" name="missingGpaPrintsMissingGpaToStandardError" time="0"/>
</testsuite>